Removed Pin From Net: NetName=3V3 Pin=R1-1
Removed Pin From Net: NetName=3V3 Pin=R2-2
Removed Pin From Net: NetName=3V3 Pin=R17-2
Removed Pin From Net: NetName=3V3 Pin=R18-2
Removed Member From Class: ClassName=UWB_V1 Member=R19
Change Component Designator: OldDesignator=R3 NewDesignator=R1
Change Component Designator: OldDesignator=R4 NewDesignator=R2
Change Component Designator: OldDesignator=R5 NewDesignator=R3
Change Component Designator: OldDesignator=R6 NewDesignator=R4
Change Component Designator: OldDesignator=R7 NewDesignator=R5
Change Component Designator: OldDesignator=R8 NewDesignator=R6
Change Component Designator: OldDesignator=R9 NewDesignator=R7
Change Component Designator: OldDesignator=R10 NewDesignator=R8
Change Component Designator: OldDesignator=R11 NewDesignator=R9
Change Component Designator: OldDesignator=R12 NewDesignator=R10
Change Component Designator: OldDesignator=R13 NewDesignator=R11
Change Component Designator: OldDesignator=R14 NewDesignator=R12
Change Component Designator: OldDesignator=R15 NewDesignator=R13
Change Component Designator: OldDesignator=R16 NewDesignator=R14
Change Component Designator: OldDesignator=R19 NewDesignator=R15
Change Component Designator: OldDesignator=R20 NewDesignator=R16
Change Component Designator: OldDesignator=R21 NewDesignator=R17
Added Pin To Net: NetName=3V3 Pin=C5-2
Added Pin To Net: NetName=3V3 Pin=C6-2
Added Pin To Net: NetName=3V3 Pin=C16-2
Added Pin To Net: NetName=3V3 Pin=P1-2
Added Pin To Net: NetName=3V3 Pin=U1-5
Added Pin To Net: NetName=3V3 Pin=U1-6
Added Pin To Net: NetName=3V3 Pin=U1-7
Added Pin To Net: NetName=3V3 Pin=U2-2
Added Pin To Net: NetName=3V3 Pin=U2-6
Added Pin To Net: NetName=3V3 Pin=U2-8
Added Pin To Net: NetName=3V3 Pin=U5-2
Added Pin To Net: NetName=3V3 Pin=U5-4
Added Pin To Net: NetName=3V3 Pin=U5-13
Change Net Name : Old Net Name=NetR3_1 New Net Name=NetR1_1
Change Net Name : Old Net Name=NetR5_2 New Net Name=NetR3_2
Change Net Name : Old Net Name=NetR11_2 New Net Name=NetR9_2
Added Room: Name=UWB_V1
